2021/8/20 - pid: 47444 - master 启动
2021/8/20 - pid: 47444 - master 新建进程
2021/8/20 - pid: 47444 - master 新建进程
2021/8/20 - pid: 47444 - master 新建进程
2021/8/20 - pid: 47444 - master 新建进程
2021/8/20 - pid: 47444 - master 新建进程
2021/8/20 - pid: 47444 - master 新建进程
2021/8/20 - pid: 47445 - worker 进程启动
2021/8/20 - pid: 47446 - worker 进程启动
2021/8/20 - pid: 47447 - worker 进程启动
2021/8/20 - pid: 47448 - worker 进程启动
2021/8/20 - pid: 47449 - worker 进程启动
2021/8/20 - pid: 47450 - worker 进程启动
2021/8/20 - pid: 47477 - master 启动
2021/8/20 - pid: 47477 - master 新建子进程
2021/8/20 - pid: 47477 - master 新建子进程
2021/8/20 - pid: 47477 - master 新建子进程
2021/8/20 - pid: 47477 - master 新建子进程
2021/8/20 - pid: 47477 - master 新建子进程
2021/8/20 - pid: 47477 - master 新建子进程
2021/8/20 - pid: 47478 - worker 进程启动
2021/8/20 - pid: 47479 - worker 进程启动
2021/8/20 - pid: 47481 - worker 进程启动
2021/8/20 - pid: 47482 - worker 进程启动
2021/8/20 - pid: 47480 - worker 进程启动
2021/8/20 - pid: 47483 - worker 进程启动
2021/8/20 - pid: 47504 - master 启动
2021/8/20 - pid: 47504 - master 新建进程 worker
2021/8/20 - pid: 47504 - master 新建进程 worker
2021/8/20 - pid: 47504 - master 新建进程 worker
2021/8/20 - pid: 47504 - master 新建进程 worker
2021/8/20 - pid: 47504 - master 新建进程 worker
2021/8/20 - pid: 47504 - master 新建进程 worker
2021/8/20 - pid: 47505 - worker 进程启动
2021/8/20 - pid: 47507 - worker 进程启动
2021/8/20 - pid: 47506 - worker 进程启动
2021/8/20 - pid: 47508 - worker 进程启动
2021/8/20 - pid: 47509 - worker 进程启动
2021/8/20 - pid: 47510 - worker 进程启动
2021/8/20 - pid: 47508 - worker 进程处理内容
2021/8/20 - pid: 47508 - worker 进程捕获错误，发送自杀信号
2021/8/20 - pid: 47504 - master 新建进程 worker
2021/8/20 - pid: 47504 - worker 进程退出
2021/8/20 - pid: 47531 - worker 进程启动
